# JRE version: 7.0_17-b02
# Java VM: Java HotSpot(TM) Client VM (23.7-b01 mixed mode, sharing windows-x86 )
Heap
 def new generation   total 7232K, used 3170K [0x22a60000, 0x23230000, 0x27fb0000)
  eden space 6464K, -2147483648% used [0x22a60000, 0x22d78150, 0x230b0000)
  from space 768K,   0% used [0x230b0000, 0x230b07f8, 0x23170000)
  to   space 768K,   0% used [0x23170000, 0x23170000, 0x23230000)
 tenured generation   total 15932K, used 13253K [0x27fb0000, 0x28f3f000, 0x32a60000)
   the space 15932K,  83% used [0x27fb0000, 0x28ca1610, 0x28ca1800, 0x28f3f000)
 compacting perm gen  total 12288K, used 1348K [0x32a60000, 0x33660000, 0x36a60000)
   the space 12288K,  10% used [0x32a60000, 0x32bb13d8, 0x32bb1400, 0x33660000)
    ro space 10240K,  45% used [0x36a60000, 0x36ee73d8, 0x36ee7400, 0x37460000)
    rw space 12288K,  54% used [0x37460000, 0x37aeacc8, 0x37aeae00, 0x38060000)
GC Heap History (10 events):
Event: 272.463 GC heap before
{Heap before GC invocations=779 (full 129):
 def new generation   total 7232K, used 5796K [0x22a60000, 0x23230000, 0x27fb0000)
  eden space 6464K,  89% used [0x22a60000, 0x23008a30, 0x230b0000)
  from space 768K,   0% used [0x23170000, 0x231708e0, 0x23230000)
  to   space 768K,   0% used [0x230b0000, 0x230b0000, 0x23170000)
 tenured generation   total 15932K, used 14453K [0x27fb0000, 0x28f3f000, 0x32a60000)
   the space 15932K,  90% used [0x27fb0000, 0x28dcd620, 0x28dcd800, 0x28f3f000)
 compacting perm gen  total 12288K, used 1348K [0x32a60000, 0x33660000, 0x36a60000)
   the space 12288K,  10% used [0x32a60000, 0x32bb13d8, 0x32bb1400, 0x33660000)
    ro space 10240K,  45% used [0x36a60000, 0x36ee73d8, 0x36ee7400, 0x37460000)
    rw space 12288K,  54% used [0x37460000, 0x37aeacc8, 0x37aeae00, 0x38060000)
Event: 272.511 GC heap after
Heap after GC invocations=780 (full 130):
 def new generation   total 7232K, used 0K [0x22a60000, 0x23230000, 0x27fb0000)
  eden space 6464K,   0% used [0x22a60000, 0x22a60000, 0x230b0000)
  from space 768K,   0% used [0x230b0000, 0x230b0000, 0x23170000)
  to   space 768K,   0% used [0x23170000, 0x23170000, 0x23230000)
 tenured generation   total 15932K, used 7781K [0x27fb0000, 0x28f3f000, 0x32a60000)
   the space 15932K,  48% used [0x27fb0000, 0x287495e0, 0x28749600, 0x28f3f000)
 compacting perm gen  total 12288K, used 1348K [0x32a60000, 0x33660000, 0x36a60000)
   the space 12288K,  10% used [0x32a60000, 0x32bb13d8, 0x32bb1400, 0x33660000)
    ro space 10240K,  45% used [0x36a60000, 0x36ee73d8, 0x36ee7400, 0x37460000)
    rw space 12288K,  54% used [0x37460000, 0x37aeacc8, 0x37aeae00, 0x38060000)
}
Event: 272.902 GC heap before
{Heap before GC invocations=780 (full 130):
 def new generation   total 7232K, used 6082K [0x22a60000, 0x23230000, 0x27fb0000)
  eden space 6464K,  94% used [0x22a60000, 0x23050b98, 0x230b0000)
  from space 768K,   0% used [0x230b0000, 0x230b0000, 0x23170000)
  to   space 768K,   0% used [0x23170000, 0x23170000, 0x23230000)
 tenured generation   total 15932K, used 7781K [0x27fb0000, 0x28f3f000, 0x32a60000)
   the space 15932K,  48% used [0x27fb0000, 0x287495e0, 0x28749600, 0x28f3f000)
 compacting perm gen  total 12288K, used 1348K [0x32a60000, 0x33660000, 0x36a60000)
   the space 12288K,  10% used [0x32a60000, 0x32bb13d8, 0x32bb1400, 0x33660000)
    ro space 10240K,  45% used [0x36a60000, 0x36ee73d8, 0x36ee7400, 0x37460000)
    rw space 12288K,  54% used [0x37460000, 0x37aeacc8, 0x37aeae00, 0x38060000)
Event: 272.904 GC heap after
Heap after GC invocations=781 (full 130):
 def new generation   total 7232K, used 1K [0x22a60000, 0x23230000, 0x27fb0000)
  eden space 6464K,   0% used [0x22a60000, 0x22a60000, 0x230b0000)
  from space 768K,   0% used [0x23170000, 0x23170758, 0x23230000)
  to   space 768K,   0% used [0x230b0000, 0x230b0000, 0x23170000)
 tenured generation   total 15932K, used 8981K [0x27fb0000, 0x28f3f000, 0x32a60000)
   the space 15932K,  56% used [0x27fb0000, 0x288755f0, 0x28875600, 0x28f3f000)
 compacting perm gen  total 12288K, used 1348K [0x32a60000, 0x33660000, 0x36a60000)
   the space 12288K,  10% used [0x32a60000, 0x32bb13d8, 0x32bb1400, 0x33660000)
    ro space 10240K,  45% used [0x36a60000, 0x36ee73d8, 0x36ee7400, 0x37460000)
    rw space 12288K,  54% used [0x37460000, 0x37aeacc8, 0x37aeae00, 0x38060000)
}
Event: 273.077 GC heap before
{Heap before GC invocations=781 (full 130):
 def new generation   total 7232K, used 6465K [0x22a60000, 0x23230000, 0x27fb0000)
  eden space 6464K, 100% used [0x22a60000, 0x230b0000, 0x230b0000)
  from space 768K,   0% used [0x23170000, 0x23170758, 0x23230000)
  to   space 768K,   0% used [0x230b0000, 0x230b0000, 0x23170000)
 tenured generation   total 15932K, used 8981K [0x27fb0000, 0x28f3f000, 0x32a60000)
   the space 15932K,  56% used [0x27fb0000, 0x288755f0, 0x28875600, 0x28f3f000)
 compacting perm gen  total 12288K, used 1348K [0x32a60000, 0x33660000, 0x36a60000)
   the space 12288K,  10% used [0x32a60000, 0x32bb13d8, 0x32bb1400, 0x33660000)
    ro space 10240K,  45% used [0x36a60000, 0x36ee73d8, 0x36ee7400, 0x37460000)
    rw space 12288K,  54% used [0x37460000, 0x37aeacc8, 0x37aeae00, 0x38060000)
Event: 273.079 GC heap after
Heap after GC invocations=782 (full 130):
 def new generation   total 7232K, used 2K [0x22a60000, 0x23230000, 0x27fb0000)
  eden space 6464K,   0% used [0x22a60000, 0x22a60000, 0x230b0000)
  from space 768K,   0% used [0x230b0000, 0x230b08e0, 0x23170000)
  to   space 768K,   0% used [0x23170000, 0x23170000, 0x23230000)
 tenured generation   total 15932K, used 10181K [0x27fb0000, 0x28f3f000, 0x32a60000)
   the space 15932K,  63% used [0x27fb0000, 0x289a1600, 0x289a1600, 0x28f3f000)
 compacting perm gen  total 12288K, used 1348K [0x32a60000, 0x33660000, 0x36a60000)
   the space 12288K,  10% used [0x32a60000, 0x32bb13d8, 0x32bb1400, 0x33660000)
    ro space 10240K,  45% used [0x36a60000, 0x36ee73d8, 0x36ee7400, 0x37460000)
    rw space 12288K,  54% used [0x37460000, 0x37aeacc8, 0x37aeae00, 0x38060000)
}
Event: 273.423 GC heap before
{Heap before GC invocations=782 (full 130):
 def new generation   total 7232K, used 5795K [0x22a60000, 0x23230000, 0x27fb0000)
  eden space 6464K,  89% used [0x22a60000, 0x23008670, 0x230b0000)
  from space 768K,   0% used [0x230b0000, 0x230b08e0, 0x23170000)
  to   space 768K,   0% used [0x23170000, 0x23170000, 0x23230000)
 tenured generation   total 15932K, used 10181K [0x27fb0000, 0x28f3f000, 0x32a60000)
   the space 15932K,  63% used [0x27fb0000, 0x289a1600, 0x289a1600, 0x28f3f000)
 compacting perm gen  total 12288K, used 1348K [0x32a60000, 0x33660000, 0x36a60000)
   the space 12288K,  10% used [0x32a60000, 0x32bb13d8, 0x32bb1400, 0x33660000)
    ro space 10240K,  45% used [0x36a60000, 0x36ee73d8, 0x36ee7400, 0x37460000)
    rw space 12288K,  54% used [0x37460000, 0x37aeacc8, 0x37aeae00, 0x38060000)
Event: 273.428 GC heap after
Heap after GC invocations=783 (full 130):
 def new generation   total 7232K, used 2K [0x22a60000, 0x23230000, 0x27fb0000)
  eden space 6464K,   0% used [0x22a60000, 0x22a60000, 0x230b0000)
  from space 768K,   0% used [0x23170000, 0x23170a18, 0x23230000)
  to   space 768K,   0% used [0x230b0000, 0x230b0000, 0x23170000)
 tenured generation   total 15932K, used 13253K [0x27fb0000, 0x28f3f000, 0x32a60000)
   the space 15932K,  83% used [0x27fb0000, 0x28ca1610, 0x28ca1800, 0x28f3f000)
 compacting perm gen  total 12288K, used 1348K [0x32a60000, 0x33660000, 0x36a60000)
   the space 12288K,  10% used [0x32a60000, 0x32bb13d8, 0x32bb1400, 0x33660000)
    ro space 10240K,  45% used [0x36a60000, 0x36ee73d8, 0x36ee7400, 0x37460000)
    rw space 12288K,  54% used [0x37460000, 0x37aeacc8, 0x37aeae00, 0x38060000)
}
Event: 273.758 GC heap before
{Heap before GC invocations=783 (full 130):
 def new generation   total 7232K, used 6075K [0x22a60000, 0x23230000, 0x27fb0000)
  eden space 6464K,  93% used [0x22a60000, 0x2304e590, 0x230b0000)
  from space 768K,   0% used [0x23170000, 0x23170a18, 0x23230000)
  to   space 768K,   0% used [0x230b0000, 0x230b0000, 0x23170000)
 tenured generation   total 15932K, used 13253K [0x27fb0000, 0x28f3f000, 0x32a60000)
   the space 15932K,  83% used [0x27fb0000, 0x28ca1610, 0x28ca1800, 0x28f3f000)
 compacting perm gen  total 12288K, used 1348K [0x32a60000, 0x33660000, 0x36a60000)
   the space 12288K,  10% used [0x32a60000, 0x32bb13d8, 0x32bb1400, 0x33660000)
    ro space 10240K,  45% used [0x36a60000, 0x36ee73d8, 0x36ee7400, 0x37460000)
    rw space 12288K,  54% used [0x37460000, 0x37aeacc8, 0x37aeae00, 0x38060000)
Event: 273.759 GC heap after
Heap after GC invocations=784 (full 130):
 def new generation   total 7232K, used 1K [0x22a60000, 0x23230000, 0x27fb0000)
  eden space 6464K,   0% used [0x22a60000, 0x22a60000, 0x230b0000)
  from space 768K,   0% used [0x230b0000, 0x230b07f8, 0x23170000)
  to   space 768K,   0% used [0x23170000, 0x23170000, 0x23230000)
 tenured generation   total 15932K, used 13253K [0x27fb0000, 0x28f3f000, 0x32a60000)
   the space 15932K,  83% used [0x27fb0000, 0x28ca1610, 0x28ca1800, 0x28f3f000)
 compacting perm gen  total 12288K, used 1348K [0x32a60000, 0x33660000, 0x36a60000)
   the space 12288K,  10% used [0x32a60000, 0x32bb13d8, 0x32bb1400, 0x33660000)
    ro space 10240K,  45% used [0x36a60000, 0x36ee73d8, 0x36ee7400, 0x37460000)
    rw space 12288K,  54% used [0x37460000, 0x37aeacc8, 0x37aeae00, 0x38060000)
}

